2022-10-26 14:20:48.732  INFO 9292 --- [restartedMain] c.o.b.BackendProjectApplication          : Starting BackendProjectApplication using Java 18.0.1.1 on OzlemSoydan with PID 9292 (C:\Ecodation\SpringProjectExample\BackendProject\target\classes started by Özlem Soydan in C:\Ecodation\SpringProjectExample)
2022-10-26 14:20:48.766  INFO 9292 --- [restartedMain] c.o.b.BackendProjectApplication          : No active profile set, falling back to 1 default profile: "default"
2022-10-26 14:20:49.028  INFO 9292 --- [restartedMain] .e.DevToolsPropertyDefaultsPostProcessor : Devtools property defaults active! Set 'spring.devtools.add-properties' to 'false' to disable
2022-10-26 14:20:49.028  INFO 9292 --- [restartedMain] .e.DevToolsPropertyDefaultsPostProcessor : For additional web related logging consider setting the 'logging.level.web' property to 'DEBUG'
2022-10-26 14:20:51.924  INFO 9292 --- [restartedMain] .s.d.r.c.RepositoryConfigurationDelegate : Bootstrapping Spring Data JPA repositories in DEFAULT mode.
2022-10-26 14:20:52.015  INFO 9292 --- [restartedMain] .s.d.r.c.RepositoryConfigurationDelegate : Finished Spring Data repository scanning in 82 ms. Found 1 JPA repository interfaces.
2022-10-26 14:20:53.558  INFO 9292 --- [restartedMain] o.s.b.w.embedded.tomcat.TomcatWebServer  : Tomcat initialized with port(s): 8080 (http)
2022-10-26 14:20:53.610  INFO 9292 --- [restartedMain] o.apache.catalina.core.StandardService   : Starting service [Tomcat]
2022-10-26 14:20:53.611  INFO 9292 --- [restartedMain] org.apache.catalina.core.StandardEngine  : Starting Servlet engine: [Apache Tomcat/9.0.65]
2022-10-26 14:20:53.791  INFO 9292 --- [restartedMain] o.a.c.c.C.[Tomcat].[localhost].[/]       : Initializing Spring embedded WebApplicationContext
2022-10-26 14:20:53.792  INFO 9292 --- [restartedMain] w.s.c.ServletWebServerApplicationContext : Root WebApplicationContext: initialization completed in 4745 ms
2022-10-26 14:20:53.857  INFO 9292 --- [restartedMain] com.zaxxer.hikari.HikariDataSource       : HikariPool-1 - Starting...
2022-10-26 14:20:54.277  INFO 9292 --- [restartedMain] com.zaxxer.hikari.HikariDataSource       : HikariPool-1 - Start completed.
2022-10-26 14:20:54.290  INFO 9292 --- [restartedMain] o.s.b.a.h2.H2ConsoleAutoConfiguration    : H2 console available at '/h2-console'. Database available at 'jdbc:h2:file:./memory_persist/employee_database'
2022-10-26 14:20:54.570  INFO 9292 --- [restartedMain] o.hibernate.jpa.internal.util.LogHelper  : HHH000204: Processing PersistenceUnitInfo [name: default]
2022-10-26 14:20:54.672  INFO 9292 --- [restartedMain] org.hibernate.Version                    : HHH000412: Hibernate ORM core version 5.6.11.Final
2022-10-26 14:20:55.002  INFO 9292 --- [restartedMain] o.hibernate.annotations.common.Version   : HCANN000001: Hibernate Commons Annotations {5.1.2.Final}
2022-10-26 14:20:55.192  INFO 9292 --- [restartedMain] org.hibernate.dialect.Dialect            : HHH000400: Using dialect: org.hibernate.dialect.H2Dialect
2022-10-26 14:20:56.217  INFO 9292 --- [restartedMain] o.h.e.t.j.p.i.JtaPlatformInitiator       : HHH000490: Using JtaPlatform implementation: [org.hibernate.engine.transaction.jta.platform.internal.NoJtaPlatform]
2022-10-26 14:20:56.227  INFO 9292 --- [restartedMain] j.LocalContainerEntityManagerFactoryBean : Initialized JPA EntityManagerFactory for persistence unit 'default'
2022-10-26 14:20:57.185  WARN 9292 --- [restartedMain] JpaBaseConfiguration$JpaWebConfiguration : spring.jpa.open-in-view is enabled by default. Therefore, database queries may be performed during view rendering. Explicitly configure spring.jpa.open-in-view to disable this warning
2022-10-26 14:20:57.467  INFO 9292 --- [restartedMain] o.s.b.a.w.s.WelcomePageHandlerMapping    : Adding welcome page template: index
2022-10-26 14:20:58.431  INFO 9292 --- [restartedMain] o.s.b.d.a.OptionalLiveReloadServer       : LiveReload server is running on port 35729
2022-10-26 14:20:58.509  INFO 9292 --- [restartedMain] o.s.b.w.embedded.tomcat.TomcatWebServer  : Tomcat started on port(s): 8080 (http) with context path ''
2022-10-26 14:20:58.541  INFO 9292 --- [restartedMain] c.o.b.BackendProjectApplication          : Started BackendProjectApplication in 10.908 seconds (JVM running for 19.16)
2022-10-26 14:23:18.223  INFO 9292 --- [http-nio-8080-exec-1] o.a.c.c.C.[Tomcat].[localhost].[/]       : Initializing Spring DispatcherServlet 'dispatcherServlet'
2022-10-26 14:23:18.223  INFO 9292 --- [http-nio-8080-exec-1] o.s.web.servlet.DispatcherServlet        : Initializing Servlet 'dispatcherServlet'
2022-10-26 14:23:18.225  INFO 9292 --- [http-nio-8080-exec-1] o.s.web.servlet.DispatcherServlet        : Completed initialization in 1 ms
2022-10-26 14:24:17.017  WARN 9292 --- [http-nio-8080-exec-4] .w.s.m.s.DefaultHandlerExceptionResolver : Resolved [org.springframework.web.bind.MethodArgumentNotValidException: Validation failed for argument [0] in public org.springframework.http.ResponseEntity<com.ozlemaglar.backendproject.error.ApiResult> com.ozlemaglar.backendproject.ui.api.rest.controller.EmployeeRestApi.createEmployee(com.ozlemaglar.backendproject.business.dto.EmployeeDto): [Field error in object 'employeeDto' on field 'password': rejected value [Rt1234567]; codes [Pattern.employeeDto.password,Pattern.password,Pattern.java.lang.String,Pattern]; arguments [org.springframework.context.support.DefaultMessageSourceResolvable: codes [employeeDto.password,password]; arguments []; default message [password],[Ljavax.validation.constraints.Pattern$Flag;@3f1a72fd,^(?=.*[0-9])(?=.*[a-z])(?=.*[!@#&()–[{}]:;',?/*~$^+=<>]).*$]; default message [?ifrede en az 7 karaketerli ve  en az 1 küçük harf,1 büyük harf,1 özel harf içermelidir.]] ]
2022-10-26 14:25:12.119  INFO 9292 --- [File Watcher] rtingClassPathChangeChangedEventListener : Restarting due to 35 class path changes (0 additions, 35 deletions, 0 modifications)
2022-10-26 14:25:12.193  INFO 9292 --- [Thread-6] o.apache.catalina.core.StandardService   : Stopping service [Tomcat]
2022-10-26 14:25:12.196  INFO 9292 --- [Thread-6] o.a.c.c.C.[Tomcat].[localhost].[/]       : Destroying Spring FrameworkServlet 'dispatcherServlet'
2022-10-26 14:25:12.209  INFO 9292 --- [Thread-6] j.LocalContainerEntityManagerFactoryBean : Closing JPA EntityManagerFactory for persistence unit 'default'
2022-10-26 14:25:12.215  INFO 9292 --- [Thread-6] com.zaxxer.hikari.HikariDataSource       : HikariPool-1 - Shutdown initiated...
2022-10-26 14:25:12.370  INFO 9292 --- [Thread-6] com.zaxxer.hikari.HikariDataSource       : HikariPool-1 - Shutdown completed.
2022-10-26 14:25:12.507  INFO 9292 --- [restartedMain] o.s.b.d.r.RestartApplicationListener     : Restart enabled irrespective of application packaging due to System property 'spring.devtools.restart.enabled' being set to true
2022-10-26 16:55:24.910  INFO 9292 --- [restartedMain] c.o.b.BackendProjectApplication          : Starting BackendProjectApplication using Java 18.0.1.1 on OzlemSoydan with PID 9292 (C:\Ecodation\SpringProjectExample\BackendProject\target\classes started by Özlem Soydan in C:\Ecodation\SpringProjectExample)
2022-10-26 16:55:24.910  INFO 9292 --- [restartedMain] c.o.b.BackendProjectApplication          : No active profile set, falling back to 1 default profile: "default"
2022-10-26 16:55:25.162  INFO 9292 --- [restartedMain] .s.d.r.c.RepositoryConfigurationDelegate : Bootstrapping Spring Data JPA repositories in DEFAULT mode.
2022-10-26 16:55:25.179  INFO 9292 --- [restartedMain] .s.d.r.c.RepositoryConfigurationDelegate : Finished Spring Data repository scanning in 17 ms. Found 1 JPA repository interfaces.
2022-10-26 16:55:25.271  INFO 9292 --- [restartedMain] o.s.b.w.embedded.tomcat.TomcatWebServer  : Tomcat initialized with port(s): 8080 (http)
2022-10-26 16:55:25.272  INFO 9292 --- [restartedMain] o.apache.catalina.core.StandardService   : Starting service [Tomcat]
2022-10-26 16:55:25.272  INFO 9292 --- [restartedMain] org.apache.catalina.core.StandardEngine  : Starting Servlet engine: [Apache Tomcat/9.0.65]
2022-10-26 16:55:25.299  INFO 9292 --- [restartedMain] o.a.c.c.C.[Tomcat-1].[localhost].[/]     : Initializing Spring embedded WebApplicationContext
2022-10-26 16:55:25.299  INFO 9292 --- [restartedMain] w.s.c.ServletWebServerApplicationContext : Root WebApplicationContext: initialization completed in 386 ms
2022-10-26 16:55:25.311  INFO 9292 --- [restartedMain] com.zaxxer.hikari.HikariDataSource       : HikariPool-4 - Starting...
2022-10-26 16:55:25.344  INFO 9292 --- [restartedMain] com.zaxxer.hikari.HikariDataSource       : HikariPool-4 - Start completed.
2022-10-26 16:55:25.344  INFO 9292 --- [restartedMain] o.s.b.a.h2.H2ConsoleAutoConfiguration    : H2 console available at '/h2-console'. Database available at 'jdbc:h2:file:./memory_persist/employee_database'
2022-10-26 16:55:25.387  INFO 9292 --- [restartedMain] o.hibernate.jpa.internal.util.LogHelper  : HHH000204: Processing PersistenceUnitInfo [name: default]
2022-10-26 16:55:25.396  INFO 9292 --- [restartedMain] org.hibernate.dialect.Dialect            : HHH000400: Using dialect: org.hibernate.dialect.H2Dialect
2022-10-26 16:55:25.440  INFO 9292 --- [restartedMain] o.h.e.t.j.p.i.JtaPlatformInitiator       : HHH000490: Using JtaPlatform implementation: [org.hibernate.engine.transaction.jta.platform.internal.NoJtaPlatform]
2022-10-26 16:55:25.440  INFO 9292 --- [restartedMain] j.LocalContainerEntityManagerFactoryBean : Initialized JPA EntityManagerFactory for persistence unit 'default'
2022-10-26 16:55:25.556  WARN 9292 --- [restartedMain] JpaBaseConfiguration$JpaWebConfiguration : spring.jpa.open-in-view is enabled by default. Therefore, database queries may be performed during view rendering. Explicitly configure spring.jpa.open-in-view to disable this warning
2022-10-26 16:55:25.610  INFO 9292 --- [restartedMain] o.s.b.a.w.s.WelcomePageHandlerMapping    : Adding welcome page template: index
2022-10-26 16:55:25.884  INFO 9292 --- [restartedMain] o.s.b.d.a.OptionalLiveReloadServer       : LiveReload server is running on port 35729
2022-10-26 16:55:25.897  INFO 9292 --- [restartedMain] o.s.b.w.embedded.tomcat.TomcatWebServer  : Tomcat started on port(s): 8080 (http) with context path ''
2022-10-26 16:55:25.902  INFO 9292 --- [restartedMain] c.o.b.BackendProjectApplication          : Started BackendProjectApplication in 1.033 seconds (JVM running for 286.521)
2022-10-26 16:55:26.901  INFO 9292 --- [restartedMain] .ConditionEvaluationDeltaLoggingListener : Condition evaluation unchanged
2022-10-26 16:56:13.537  INFO 9292 --- [SpringApplicationShutdownHook] j.LocalContainerEntityManagerFactoryBean : Closing JPA EntityManagerFactory for persistence unit 'default'
2022-10-26 16:56:13.538  INFO 9292 --- [SpringApplicationShutdownHook] com.zaxxer.hikari.HikariDataSource       : HikariPool-4 - Shutdown initiated...
2022-10-26 16:56:13.539  INFO 9292 --- [SpringApplicationShutdownHook] com.zaxxer.hikari.HikariDataSource       : HikariPool-4 - Shutdown completed.
2022-10-26 14:26:17.852  INFO 3860 --- [restartedMain] c.o.b.BackendProjectApplication          : Starting BackendProjectApplication using Java 18.0.1.1 on OzlemSoydan with PID 3860 (C:\Ecodation\SpringProjectExample\BackendProject\target\classes started by Özlem Soydan in C:\Ecodation\SpringProjectExample)
2022-10-26 14:26:17.853  INFO 3860 --- [restartedMain] c.o.b.BackendProjectApplication          : No active profile set, falling back to 1 default profile: "default"
2022-10-26 14:26:17.921  INFO 3860 --- [restartedMain] .e.DevToolsPropertyDefaultsPostProcessor : Devtools property defaults active! Set 'spring.devtools.add-properties' to 'false' to disable
2022-10-26 14:26:17.921  INFO 3860 --- [restartedMain] .e.DevToolsPropertyDefaultsPostProcessor : For additional web related logging consider setting the 'logging.level.web' property to 'DEBUG'
2022-10-26 14:26:18.854  INFO 3860 --- [restartedMain] .s.d.r.c.RepositoryConfigurationDelegate : Bootstrapping Spring Data JPA repositories in DEFAULT mode.
2022-10-26 14:26:18.921  INFO 3860 --- [restartedMain] .s.d.r.c.RepositoryConfigurationDelegate : Finished Spring Data repository scanning in 58 ms. Found 1 JPA repository interfaces.
2022-10-26 14:26:19.626  INFO 3860 --- [restartedMain] o.s.b.w.embedded.tomcat.TomcatWebServer  : Tomcat initialized with port(s): 8080 (http)
2022-10-26 14:26:19.636  INFO 3860 --- [restartedMain] o.apache.catalina.core.StandardService   : Starting service [Tomcat]
2022-10-26 14:26:19.636  INFO 3860 --- [restartedMain] org.apache.catalina.core.StandardEngine  : Starting Servlet engine: [Apache Tomcat/9.0.65]
2022-10-26 14:26:19.725  INFO 3860 --- [restartedMain] o.a.c.c.C.[Tomcat].[localhost].[/]       : Initializing Spring embedded WebApplicationContext
2022-10-26 14:26:19.725  INFO 3860 --- [restartedMain] w.s.c.ServletWebServerApplicationContext : Root WebApplicationContext: initialization completed in 1803 ms
2022-10-26 14:26:19.754  INFO 3860 --- [restartedMain] com.zaxxer.hikari.HikariDataSource       : HikariPool-1 - Starting...
2022-10-26 14:26:19.895  INFO 3860 --- [restartedMain] com.zaxxer.hikari.HikariDataSource       : HikariPool-1 - Start completed.
2022-10-26 14:26:19.916  INFO 3860 --- [restartedMain] o.s.b.a.h2.H2ConsoleAutoConfiguration    : H2 console available at '/h2-console'. Database available at 'jdbc:h2:file:./memory_persist/employee_database'
2022-10-26 14:26:20.028  INFO 3860 --- [restartedMain] o.hibernate.jpa.internal.util.LogHelper  : HHH000204: Processing PersistenceUnitInfo [name: default]
2022-10-26 14:26:20.077  INFO 3860 --- [restartedMain] org.hibernate.Version                    : HHH000412: Hibernate ORM core version 5.6.11.Final
2022-10-26 14:26:20.243  INFO 3860 --- [restartedMain] o.hibernate.annotations.common.Version   : HCANN000001: Hibernate Commons Annotations {5.1.2.Final}
2022-10-26 14:26:20.380  INFO 3860 --- [restartedMain] org.hibernate.dialect.Dialect            : HHH000400: Using dialect: org.hibernate.dialect.H2Dialect
2022-10-26 14:26:21.094  INFO 3860 --- [restartedMain] o.h.e.t.j.p.i.JtaPlatformInitiator       : HHH000490: Using JtaPlatform implementation: [org.hibernate.engine.transaction.jta.platform.internal.NoJtaPlatform]
2022-10-26 14:26:21.103  INFO 3860 --- [restartedMain] j.LocalContainerEntityManagerFactoryBean : Initialized JPA EntityManagerFactory for persistence unit 'default'
2022-10-26 14:26:21.718  WARN 3860 --- [restartedMain] JpaBaseConfiguration$JpaWebConfiguration : spring.jpa.open-in-view is enabled by default. Therefore, database queries may be performed during view rendering. Explicitly configure spring.jpa.open-in-view to disable this warning
2022-10-26 14:26:21.870  INFO 3860 --- [restartedMain] o.s.b.a.w.s.WelcomePageHandlerMapping    : Adding welcome page template: index
2022-10-26 14:26:22.546  INFO 3860 --- [restartedMain] o.s.b.d.a.OptionalLiveReloadServer       : LiveReload server is running on port 35729
2022-10-26 14:26:22.593  INFO 3860 --- [restartedMain] o.s.b.w.embedded.tomcat.TomcatWebServer  : Tomcat started on port(s): 8080 (http) with context path ''
2022-10-26 14:26:22.606  INFO 3860 --- [restartedMain] c.o.b.BackendProjectApplication          : Started BackendProjectApplication in 5.286 seconds (JVM running for 6.56)
2022-10-26 14:26:40.729  INFO 3860 --- [http-nio-8080-exec-1] o.a.c.c.C.[Tomcat].[localhost].[/]       : Initializing Spring DispatcherServlet 'dispatcherServlet'
2022-10-26 14:26:40.730  INFO 3860 --- [http-nio-8080-exec-1] o.s.web.servlet.DispatcherServlet        : Initializing Servlet 'dispatcherServlet'
2022-10-26 14:26:40.732  INFO 3860 --- [http-nio-8080-exec-1] o.s.web.servlet.DispatcherServlet        : Completed initialization in 2 ms
2022-10-26 14:27:02.498  WARN 3860 --- [http-nio-8080-exec-3] .w.s.m.s.DefaultHandlerExceptionResolver : Resolved [org.springframework.web.bind.MethodArgumentNotValidException: Validation failed for argument [0] in public org.springframework.http.ResponseEntity<com.ozlemaglar.backendproject.error.ApiResult> com.ozlemaglar.backendproject.ui.api.rest.controller.EmployeeRestApi.createEmployee(com.ozlemaglar.backendproject.business.dto.EmployeeDto): [Field error in object 'employeeDto' on field 'password': rejected value [Rt1234567]; codes [Pattern.employeeDto.password,Pattern.password,Pattern.java.lang.String,Pattern]; arguments [org.springframework.context.support.DefaultMessageSourceResolvable: codes [employeeDto.password,password]; arguments []; default message [password],[Ljavax.validation.constraints.Pattern$Flag;@7173e213,^(?=.*[0-9])(?=.*[a-z])(?=.*[!@#&()–[{}]:;',?/*~$^+=<>]).*$]; default message [?ifrede en az 7 karaketerli ve  en az 1 küçük harf,1 büyük harf,1 özel harf içermelidir.]] ]
2022-10-26 14:29:42.781  INFO 3860 --- [File Watcher] rtingClassPathChangeChangedEventListener : Restarting due to 2 class path changes (0 additions, 0 deletions, 2 modifications)
2022-10-26 14:29:42.807  INFO 3860 --- [Thread-6] o.apache.catalina.core.StandardService   : Stopping service [Tomcat]
2022-10-26 14:29:42.809  INFO 3860 --- [Thread-6] o.a.c.c.C.[Tomcat].[localhost].[/]       : Destroying Spring FrameworkServlet 'dispatcherServlet'
2022-10-26 14:29:42.817  INFO 3860 --- [Thread-6] j.LocalContainerEntityManagerFactoryBean : Closing JPA EntityManagerFactory for persistence unit 'default'
2022-10-26 14:29:42.820  INFO 3860 --- [Thread-6] com.zaxxer.hikari.HikariDataSource       : HikariPool-1 - Shutdown initiated...
2022-10-26 14:29:42.933  INFO 3860 --- [Thread-6] com.zaxxer.hikari.HikariDataSource       : HikariPool-1 - Shutdown completed.
2022-10-26 14:29:42.987  INFO 3860 --- [restartedMain] o.s.b.d.r.RestartApplicationListener     : Restart enabled irrespective of application packaging due to System property 'spring.devtools.restart.enabled' being set to true
2022-10-26 16:59:43.038  INFO 3860 --- [restartedMain] c.o.b.BackendProjectApplication          : Starting BackendProjectApplication using Java 18.0.1.1 on OzlemSoydan with PID 3860 (C:\Ecodation\SpringProjectExample\BackendProject\target\classes started by Özlem Soydan in C:\Ecodation\SpringProjectExample)
2022-10-26 16:59:43.039  INFO 3860 --- [restartedMain] c.o.b.BackendProjectApplication          : No active profile set, falling back to 1 default profile: "default"
2022-10-26 16:59:43.380  INFO 3860 --- [restartedMain] .s.d.r.c.RepositoryConfigurationDelegate : Bootstrapping Spring Data JPA repositories in DEFAULT mode.
2022-10-26 16:59:43.403  INFO 3860 --- [restartedMain] .s.d.r.c.RepositoryConfigurationDelegate : Finished Spring Data repository scanning in 21 ms. Found 1 JPA repository interfaces.
2022-10-26 16:59:43.528  INFO 3860 --- [restartedMain] o.s.b.w.embedded.tomcat.TomcatWebServer  : Tomcat initialized with port(s): 8080 (http)
2022-10-26 16:59:43.529  INFO 3860 --- [restartedMain] o.apache.catalina.core.StandardService   : Starting service [Tomcat]
2022-10-26 16:59:43.529  INFO 3860 --- [restartedMain] org.apache.catalina.core.StandardEngine  : Starting Servlet engine: [Apache Tomcat/9.0.65]
2022-10-26 16:59:43.558  INFO 3860 --- [restartedMain] o.a.c.c.C.[Tomcat].[localhost].[/]       : Initializing Spring embedded WebApplicationContext
2022-10-26 16:59:43.558  INFO 3860 --- [restartedMain] w.s.c.ServletWebServerApplicationContext : Root WebApplicationContext: initialization completed in 514 ms
2022-10-26 16:59:43.572  INFO 3860 --- [restartedMain] com.zaxxer.hikari.HikariDataSource       : HikariPool-2 - Starting...
2022-10-26 16:59:43.592  INFO 3860 --- [restartedMain] com.zaxxer.hikari.HikariDataSource       : HikariPool-2 - Start completed.
2022-10-26 16:59:43.593  INFO 3860 --- [restartedMain] o.s.b.a.h2.H2ConsoleAutoConfiguration    : H2 console available at '/h2-console'. Database available at 'jdbc:h2:file:./memory_persist/employee_database'
2022-10-26 16:59:43.631  INFO 3860 --- [restartedMain] o.hibernate.jpa.internal.util.LogHelper  : HHH000204: Processing PersistenceUnitInfo [name: default]
2022-10-26 16:59:43.637  INFO 3860 --- [restartedMain] org.hibernate.dialect.Dialect            : HHH000400: Using dialect: org.hibernate.dialect.H2Dialect
2022-10-26 16:59:43.700  INFO 3860 --- [restartedMain] o.h.e.t.j.p.i.JtaPlatformInitiator       : HHH000490: Using JtaPlatform implementation: [org.hibernate.engine.transaction.jta.platform.internal.NoJtaPlatform]
2022-10-26 16:59:43.700  INFO 3860 --- [restartedMain] j.LocalContainerEntityManagerFactoryBean : Initialized JPA EntityManagerFactory for persistence unit 'default'
2022-10-26 16:59:43.838  WARN 3860 --- [restartedMain] JpaBaseConfiguration$JpaWebConfiguration : spring.jpa.open-in-view is enabled by default. Therefore, database queries may be performed during view rendering. Explicitly configure spring.jpa.open-in-view to disable this warning
2022-10-26 16:59:43.895  INFO 3860 --- [restartedMain] o.s.b.a.w.s.WelcomePageHandlerMapping    : Adding welcome page template: index
2022-10-26 16:59:44.185  INFO 3860 --- [restartedMain] o.s.b.d.a.OptionalLiveReloadServer       : LiveReload server is running on port 35729
2022-10-26 16:59:44.199  INFO 3860 --- [restartedMain] o.s.b.w.embedded.tomcat.TomcatWebServer  : Tomcat started on port(s): 8080 (http) with context path ''
2022-10-26 16:59:44.204  INFO 3860 --- [restartedMain] c.o.b.BackendProjectApplication          : Started BackendProjectApplication in 1.217 seconds (JVM running for 208.158)
2022-10-26 16:59:45.198  INFO 3860 --- [restartedMain] .ConditionEvaluationDeltaLoggingListener : Condition evaluation unchanged
2022-10-26 17:07:09.084  INFO 3860 --- [File Watcher] rtingClassPathChangeChangedEventListener : Restarting due to 3 class path changes (0 additions, 0 deletions, 3 modifications)
2022-10-26 17:07:09.102  INFO 3860 --- [Thread-8] o.apache.catalina.core.StandardService   : Stopping service [Tomcat]
2022-10-26 17:07:09.109  INFO 3860 --- [Thread-8] j.LocalContainerEntityManagerFactoryBean : Closing JPA EntityManagerFactory for persistence unit 'default'
2022-10-26 17:07:09.110  INFO 3860 --- [Thread-8] com.zaxxer.hikari.HikariDataSource       : HikariPool-2 - Shutdown initiated...
2022-10-26 17:07:09.280  INFO 3860 --- [Thread-8] com.zaxxer.hikari.HikariDataSource       : HikariPool-2 - Shutdown completed.
2022-10-26 17:07:09.334  INFO 3860 --- [restartedMain] o.s.b.d.r.RestartApplicationListener     : Restart enabled irrespective of application packaging due to System property 'spring.devtools.restart.enabled' being set to true
2022-10-26 17:07:09.366  INFO 3860 --- [restartedMain] c.o.b.BackendProjectApplication          : Starting BackendProjectApplication using Java 18.0.1.1 on OzlemSoydan with PID 3860 (C:\Ecodation\SpringProjectExample\BackendProject\target\classes started by Özlem Soydan in C:\Ecodation\SpringProjectExample)
2022-10-26 17:07:09.366  INFO 3860 --- [restartedMain] c.o.b.BackendProjectApplication          : No active profile set, falling back to 1 default profile: "default"
2022-10-26 17:07:09.618  INFO 3860 --- [restartedMain] .s.d.r.c.RepositoryConfigurationDelegate : Bootstrapping Spring Data JPA repositories in DEFAULT mode.
2022-10-26 17:07:09.635  INFO 3860 --- [restartedMain] .s.d.r.c.RepositoryConfigurationDelegate : Finished Spring Data repository scanning in 16 ms. Found 1 JPA repository interfaces.
2022-10-26 17:07:09.730  INFO 3860 --- [restartedMain] o.s.b.w.embedded.tomcat.TomcatWebServer  : Tomcat initialized with port(s): 8080 (http)
2022-10-26 17:07:09.730  INFO 3860 --- [restartedMain] o.apache.catalina.core.StandardService   : Starting service [Tomcat]
2022-10-26 17:07:09.731  INFO 3860 --- [restartedMain] org.apache.catalina.core.StandardEngine  : Starting Servlet engine: [Apache Tomcat/9.0.65]
2022-10-26 17:07:09.753  INFO 3860 --- [restartedMain] o.a.c.c.C.[Tomcat].[localhost].[/]       : Initializing Spring embedded WebApplicationContext
2022-10-26 17:07:09.753  INFO 3860 --- [restartedMain] w.s.c.ServletWebServerApplicationContext : Root WebApplicationContext: initialization completed in 384 ms
2022-10-26 17:07:09.762  INFO 3860 --- [restartedMain] com.zaxxer.hikari.HikariDataSource       : HikariPool-3 - Starting...
2022-10-26 17:07:09.772  INFO 3860 --- [restartedMain] com.zaxxer.hikari.HikariDataSource       : HikariPool-3 - Start completed.
2022-10-26 17:07:09.772  INFO 3860 --- [restartedMain] o.s.b.a.h2.H2ConsoleAutoConfiguration    : H2 console available at '/h2-console'. Database available at 'jdbc:h2:file:./memory_persist/employee_database'
2022-10-26 17:07:09.795  INFO 3860 --- [restartedMain] o.hibernate.jpa.internal.util.LogHelper  : HHH000204: Processing PersistenceUnitInfo [name: default]
2022-10-26 17:07:09.801  INFO 3860 --- [restartedMain] org.hibernate.dialect.Dialect            : HHH000400: Using dialect: org.hibernate.dialect.H2Dialect
2022-10-26 17:07:09.836  INFO 3860 --- [restartedMain] o.h.e.t.j.p.i.JtaPlatformInitiator       : HHH000490: Using JtaPlatform implementation: [org.hibernate.engine.transaction.jta.platform.internal.NoJtaPlatform]
2022-10-26 17:07:09.836  INFO 3860 --- [restartedMain] j.LocalContainerEntityManagerFactoryBean : Initialized JPA EntityManagerFactory for persistence unit 'default'
2022-10-26 17:07:09.941  WARN 3860 --- [restartedMain] JpaBaseConfiguration$JpaWebConfiguration : spring.jpa.open-in-view is enabled by default. Therefore, database queries may be performed during view rendering. Explicitly configure spring.jpa.open-in-view to disable this warning
2022-10-26 17:07:09.982  INFO 3860 --- [restartedMain] o.s.b.a.w.s.WelcomePageHandlerMapping    : Adding welcome page template: index
2022-10-26 17:07:10.252  INFO 3860 --- [restartedMain] o.s.b.d.a.OptionalLiveReloadServer       : LiveReload server is running on port 35729
2022-10-26 17:07:10.266  INFO 3860 --- [restartedMain] o.s.b.w.embedded.tomcat.TomcatWebServer  : Tomcat started on port(s): 8080 (http) with context path ''
2022-10-26 17:07:10.271  INFO 3860 --- [restartedMain] c.o.b.BackendProjectApplication          : Started BackendProjectApplication in 0.937 seconds (JVM running for 654.225)
2022-10-26 17:07:11.219  INFO 3860 --- [restartedMain] .ConditionEvaluationDeltaLoggingListener : Condition evaluation unchanged
2022-10-26 17:10:08.710  INFO 3860 --- [http-nio-8080-exec-1] o.a.c.c.C.[Tomcat].[localhost].[/]       : Initializing Spring DispatcherServlet 'dispatcherServlet'
2022-10-26 17:10:08.711  INFO 3860 --- [http-nio-8080-exec-1] o.s.web.servlet.DispatcherServlet        : Initializing Servlet 'dispatcherServlet'
2022-10-26 17:10:08.713  INFO 3860 --- [http-nio-8080-exec-1] o.s.web.servlet.DispatcherServlet        : Completed initialization in 2 ms
2022-10-26 17:11:51.134  INFO 3860 --- [SpringApplicationShutdownHook] j.LocalContainerEntityManagerFactoryBean : Closing JPA EntityManagerFactory for persistence unit 'default'
2022-10-26 17:11:51.135  INFO 3860 --- [SpringApplicationShutdownHook] com.zaxxer.hikari.HikariDataSource       : HikariPool-3 - Shutdown initiated...
2022-10-26 17:11:51.136  INFO 3860 --- [SpringApplicationShutdownHook] com.zaxxer.hikari.HikariDataSource       : HikariPool-3 - Shutdown completed.
2022-10-26 14:41:58.708  INFO 9188 --- [restartedMain] c.o.b.BackendProjectApplication          : Starting BackendProjectApplication using Java 18.0.1.1 on OzlemSoydan with PID 9188 (C:\Ecodation\SpringProjectExample\BackendProject\target\classes started by Özlem Soydan in C:\Ecodation\SpringProjectExample)
2022-10-26 14:41:58.710  INFO 9188 --- [restartedMain] c.o.b.BackendProjectApplication          : No active profile set, falling back to 1 default profile: "default"
2022-10-26 14:41:58.798  INFO 9188 --- [restartedMain] .e.DevToolsPropertyDefaultsPostProcessor : Devtools property defaults active! Set 'spring.devtools.add-properties' to 'false' to disable
2022-10-26 14:41:58.799  INFO 9188 --- [restartedMain] .e.DevToolsPropertyDefaultsPostProcessor : For additional web related logging consider setting the 'logging.level.web' property to 'DEBUG'
2022-10-26 14:41:59.751  INFO 9188 --- [restartedMain] .s.d.r.c.RepositoryConfigurationDelegate : Bootstrapping Spring Data JPA repositories in DEFAULT mode.
2022-10-26 14:41:59.823  INFO 9188 --- [restartedMain] .s.d.r.c.RepositoryConfigurationDelegate : Finished Spring Data repository scanning in 63 ms. Found 1 JPA repository interfaces.
2022-10-26 14:42:00.697  INFO 9188 --- [restartedMain] o.s.b.w.embedded.tomcat.TomcatWebServer  : Tomcat initialized with port(s): 8080 (http)
2022-10-26 14:42:00.713  INFO 9188 --- [restartedMain] o.apache.catalina.core.StandardService   : Starting service [Tomcat]
2022-10-26 14:42:00.714  INFO 9188 --- [restartedMain] org.apache.catalina.core.StandardEngine  : Starting Servlet engine: [Apache Tomcat/9.0.65]
2022-10-26 14:42:00.826  INFO 9188 --- [restartedMain] o.a.c.c.C.[Tomcat].[localhost].[/]       : Initializing Spring embedded WebApplicationContext
2022-10-26 14:42:00.827  INFO 9188 --- [restartedMain] w.s.c.ServletWebServerApplicationContext : Root WebApplicationContext: initialization completed in 2027 ms
2022-10-26 14:42:00.865  INFO 9188 --- [restartedMain] com.zaxxer.hikari.HikariDataSource       : HikariPool-1 - Starting...
2022-10-26 14:42:01.024  INFO 9188 --- [restartedMain] com.zaxxer.hikari.HikariDataSource       : HikariPool-1 - Start completed.
2022-10-26 14:42:01.043  INFO 9188 --- [restartedMain] o.s.b.a.h2.H2ConsoleAutoConfiguration    : H2 console available at '/h2-console'. Database available at 'jdbc:h2:file:./memory_persist/employee_database'
2022-10-26 14:42:01.167  INFO 9188 --- [restartedMain] o.hibernate.jpa.internal.util.LogHelper  : HHH000204: Processing PersistenceUnitInfo [name: default]
2022-10-26 14:42:01.227  INFO 9188 --- [restartedMain] org.hibernate.Version                    : HHH000412: Hibernate ORM core version 5.6.11.Final
2022-10-26 14:42:01.403  INFO 9188 --- [restartedMain] o.hibernate.annotations.common.Version   : HCANN000001: Hibernate Commons Annotations {5.1.2.Final}
2022-10-26 14:42:01.537  INFO 9188 --- [restartedMain] org.hibernate.dialect.Dialect            : HHH000400: Using dialect: org.hibernate.dialect.H2Dialect
2022-10-26 14:42:02.233  INFO 9188 --- [restartedMain] o.h.e.t.j.p.i.JtaPlatformInitiator       : HHH000490: Using JtaPlatform implementation: [org.hibernate.engine.transaction.jta.platform.internal.NoJtaPlatform]
2022-10-26 14:42:02.242  INFO 9188 --- [restartedMain] j.LocalContainerEntityManagerFactoryBean : Initialized JPA EntityManagerFactory for persistence unit 'default'
2022-10-26 14:42:02.855  WARN 9188 --- [restartedMain] JpaBaseConfiguration$JpaWebConfiguration : spring.jpa.open-in-view is enabled by default. Therefore, database queries may be performed during view rendering. Explicitly configure spring.jpa.open-in-view to disable this warning
2022-10-26 14:42:03.015  INFO 9188 --- [restartedMain] o.s.b.a.w.s.WelcomePageHandlerMapping    : Adding welcome page template: index
2022-10-26 14:42:03.753  INFO 9188 --- [restartedMain] o.s.b.d.a.OptionalLiveReloadServer       : LiveReload server is running on port 35729
2022-10-26 14:42:03.805  INFO 9188 --- [restartedMain] o.s.b.w.embedded.tomcat.TomcatWebServer  : Tomcat started on port(s): 8080 (http) with context path ''
2022-10-26 14:42:03.819  INFO 9188 --- [restartedMain] c.o.b.BackendProjectApplication          : Started BackendProjectApplication in 5.618 seconds (JVM running for 6.751)
2022-10-26 14:43:00.341  INFO 9188 --- [http-nio-8080-exec-1] o.a.c.c.C.[Tomcat].[localhost].[/]       : Initializing Spring DispatcherServlet 'dispatcherServlet'
2022-10-26 14:43:00.342  INFO 9188 --- [http-nio-8080-exec-1] o.s.web.servlet.DispatcherServlet        : Initializing Servlet 'dispatcherServlet'
2022-10-26 14:43:00.344  INFO 9188 --- [http-nio-8080-exec-1] o.s.web.servlet.DispatcherServlet        : Completed initialization in 2 ms
